This is XeTeX, Version 3.1415926-2.5-0.9999.3 (TeX Live 2013) (format=xelatex 2014.2.22)  2 MAR 2014 08:28
entering extended mode
 restricted \write18 enabled.
 %&-line parsing enabled.
**TechNotes.tex
(./TechNotes.tex
LaTeX2e <2011/06/27>
Babel <3.9f> and hyphenation patterns for 78 languages loaded.
(./IEEEtran.cls
Document Class: IEEEtran 2012/12/27 V1.8 by Michael Shell
-- See the "IEEEtran_HOWTO" manual for usage information.
-- http://www.michaelshell.org/tex/ieeetran/
\@IEEEtrantmpdimenA=\dimen102
\@IEEEtrantmpdimenB=\dimen103
\@IEEEtrantmpcountA=\count80
\@IEEEtrantmpcountB=\count81
\@IEEEtrantmptoksA=\toks14
LaTeX Font Info:    Try loading font information for OT1+ptm on input line 368.

(/usr/local/texlive/2013/texmf-dist/tex/latex/psnfss/ot1ptm.fd
File: ot1ptm.fd 2001/06/04 font definitions for OT1/ptm.
)
-- Using 8.5in x 11in (letter) paper.
-- Using DVI output.
\@IEEEnormalsizeunitybaselineskip=\dimen104
-- This is a 10 point document.
** ATTENTION: Technotes are normally 9pt documents.
\CLASSINFOnormalsizebaselineskip=\dimen105
\CLASSINFOnormalsizeunitybaselineskip=\dimen106
\IEEEnormaljot=\dimen107
LaTeX Font Info:    Font shape `OT1/ptm/bx/n' in size <5> not available
(Font)              Font shape `OT1/ptm/b/n' tried instead on input line 726.
LaTeX Font Info:    Font shape `OT1/ptm/bx/it' in size <5> not available
(Font)              Font shape `OT1/ptm/b/it' tried instead on input line 726.
LaTeX Font Info:    Font shape `OT1/ptm/bx/n' in size <7> not available
(Font)              Font shape `OT1/ptm/b/n' tried instead on input line 726.
LaTeX Font Info:    Font shape `OT1/ptm/bx/it' in size <7> not available
(Font)              Font shape `OT1/ptm/b/it' tried instead on input line 726.
LaTeX Font Info:    Font shape `OT1/ptm/bx/n' in size <8> not available
(Font)              Font shape `OT1/ptm/b/n' tried instead on input line 726.
LaTeX Font Info:    Font shape `OT1/ptm/bx/it' in size <8> not available
(Font)              Font shape `OT1/ptm/b/it' tried instead on input line 726.
LaTeX Font Info:    Font shape `OT1/ptm/bx/n' in size <9> not available
(Font)              Font shape `OT1/ptm/b/n' tried instead on input line 726.
LaTeX Font Info:    Font shape `OT1/ptm/bx/it' in size <9> not available
(Font)              Font shape `OT1/ptm/b/it' tried instead on input line 726.
LaTeX Font Info:    Font shape `OT1/ptm/bx/n' in size <10> not available
(Font)              Font shape `OT1/ptm/b/n' tried instead on input line 726.
LaTeX Font Info:    Font shape `OT1/ptm/bx/it' in size <10> not available
(Font)              Font shape `OT1/ptm/b/it' tried instead on input line 726.
LaTeX Font Info:    Font shape `OT1/ptm/bx/n' in size <11> not available
(Font)              Font shape `OT1/ptm/b/n' tried instead on input line 726.
LaTeX Font Info:    Font shape `OT1/ptm/bx/it' in size <11> not available
(Font)              Font shape `OT1/ptm/b/it' tried instead on input line 726.
LaTeX Font Info:    Font shape `OT1/ptm/bx/n' in size <12> not available
(Font)              Font shape `OT1/ptm/b/n' tried instead on input line 726.
LaTeX Font Info:    Font shape `OT1/ptm/bx/it' in size <12> not available
(Font)              Font shape `OT1/ptm/b/it' tried instead on input line 726.
LaTeX Font Info:    Font shape `OT1/ptm/bx/n' in size <17> not available
(Font)              Font shape `OT1/ptm/b/n' tried instead on input line 726.
LaTeX Font Info:    Font shape `OT1/ptm/bx/it' in size <17> not available
(Font)              Font shape `OT1/ptm/b/it' tried instead on input line 726.
LaTeX Font Info:    Font shape `OT1/ptm/bx/n' in size <20> not available
(Font)              Font shape `OT1/ptm/b/n' tried instead on input line 726.
LaTeX Font Info:    Font shape `OT1/ptm/bx/it' in size <20> not available
(Font)              Font shape `OT1/ptm/b/it' tried instead on input line 726.
LaTeX Font Info:    Font shape `OT1/ptm/bx/n' in size <24> not available
(Font)              Font shape `OT1/ptm/b/n' tried instead on input line 726.
LaTeX Font Info:    Font shape `OT1/ptm/bx/it' in size <24> not available
(Font)              Font shape `OT1/ptm/b/it' tried instead on input line 726.
\IEEEilabelindentA=\dimen108
\IEEEilabelindentB=\dimen109
\IEEEilabelindent=\dimen110
\IEEEelabelindent=\dimen111
\IEEEdlabelindent=\dimen112
\IEEElabelindent=\dimen113
\IEEEiednormlabelsep=\dimen114
\IEEEiedmathlabelsep=\dimen115
\IEEEiedtopsep=\skip41
\c@section=\count82
\c@subsection=\count83
\c@subsubsection=\count84
\c@paragraph=\count85
\c@IEEEsubequation=\count86
\abovecaptionskip=\skip42
\belowcaptionskip=\skip43
\c@figure=\count87
\c@table=\count88
\@IEEEeqnnumcols=\count89
\@IEEEeqncolcnt=\count90
\@IEEEsubeqnnumrollback=\count91
\@IEEEtmpitemindent=\dimen116
\c@IEEEbiography=\count92
\@IEEEtranrubishbin=\box26
) (/usr/local/texlive/2013/texmf-dist/tex/xelatex/xecjk/xeCJK.sty
(/usr/local/texlive/2013/texmf-dist/tex/latex/l3kernel/expl3.sty
(/usr/local/texlive/2013/texmf-dist/tex/latex/l3kernel/l3names.sty
(/usr/local/texlive/2013/texmf-dist/tex/latex/l3kernel/l3bootstrap.sty
Package: l3bootstrap 2013/01/08 v4420 L3 Experimental bootstrap code
)
Package: l3names 2012/12/07 v4346 L3 Namespace for primitives
)
(/usr/local/texlive/2013/texmf-dist/tex/latex/etex-pkg/etex.sty
Package: etex 1998/03/26 v2.0 eTeX basic definition package (PEB)
\et@xins=\count93
)
Package: expl3 2013/03/14 v4469 L3 Experimental code bundle wrapper

(/usr/local/texlive/2013/texmf-dist/tex/latex/l3kernel/l3basics.sty
Package: l3basics 2013/01/10 v4428 L3 Basic definitions
)
(/usr/local/texlive/2013/texmf-dist/tex/latex/l3kernel/l3expan.sty
Package: l3expan 2013/02/03 v4458 L3 Argument expansion
)
(/usr/local/texlive/2013/texmf-dist/tex/latex/l3kernel/l3tl.sty
Package: l3tl 2013/01/08 v4415 L3 Token lists
)
(/usr/local/texlive/2013/texmf-dist/tex/latex/l3kernel/l3seq.sty
Package: l3seq 2013/01/12 v4434 L3 Sequences and stacks
)
(/usr/local/texlive/2013/texmf-dist/tex/latex/l3kernel/l3int.sty
Package: l3int 2013/01/13 v4444 L3 Integers
\c_max_int=\count94
\l_tmpa_int=\count95
\l_tmpb_int=\count96
\g_tmpa_int=\count97
\g_tmpb_int=\count98
)
(/usr/local/texlive/2013/texmf-dist/tex/latex/l3kernel/l3quark.sty
Package: l3quark 2012/11/04 v4268 L3 Quarks
)
(/usr/local/texlive/2013/texmf-dist/tex/latex/l3kernel/l3prg.sty
Package: l3prg 2013/02/13 v4459 L3 Control structures
\g__prg_map_int=\count99
)
(/usr/local/texlive/2013/texmf-dist/tex/latex/l3kernel/l3clist.sty
Package: l3clist 2013/01/08 v4414 L3 Comma separated lists
)
(/usr/local/texlive/2013/texmf-dist/tex/latex/l3kernel/l3token.sty
Package: l3token 2013/01/10 v4428 L3 Experimental token manipulation
)
(/usr/local/texlive/2013/texmf-dist/tex/latex/l3kernel/l3prop.sty
Package: l3prop 2013/01/09 v4423 L3 Property lists
)
(/usr/local/texlive/2013/texmf-dist/tex/latex/l3kernel/l3msg.sty
Package: l3msg 2013/01/08 v4412 L3 Messages
)
(/usr/local/texlive/2013/texmf-dist/tex/latex/l3kernel/l3file.sty
Package: l3file 2013/01/14 v4446 L3 File and I/O operations
\l_iow_line_count_int=\count100
\l__iow_target_count_int=\count101
\l__iow_current_line_int=\count102
\l__iow_current_word_int=\count103
\l__iow_current_indentation_int=\count104
)
(/usr/local/texlive/2013/texmf-dist/tex/latex/l3kernel/l3skip.sty
Package: l3skip 2013/01/13 v4444 L3 Dimensions and skips
\c_zero_dim=\dimen117
\c_max_dim=\dimen118
\l_tmpa_dim=\dimen119
\l_tmpb_dim=\dimen120
\g_tmpa_dim=\dimen121
\g_tmpb_dim=\dimen122
\c_zero_skip=\skip44
\c_max_skip=\skip45
\l_tmpa_skip=\skip46
\l_tmpb_skip=\skip47
\g_tmpa_skip=\skip48
\g_tmpb_skip=\skip49
\c_zero_muskip=\muskip10
\c_max_muskip=\muskip11
\l_tmpa_muskip=\muskip12
\l_tmpb_muskip=\muskip13
\g_tmpa_muskip=\muskip14
\g_tmpb_muskip=\muskip15
)
(/usr/local/texlive/2013/texmf-dist/tex/latex/l3kernel/l3keys.sty
Package: l3keys 2013/02/24 v4461 L3 Experimental key-value interfaces
\g__keyval_level_int=\count105
\l_keys_choice_int=\count106
)
(/usr/local/texlive/2013/texmf-dist/tex/latex/l3kernel/l3fp.sty
Package: l3fp 2013/01/19 v4449 L3 Floating points
\c__fp_leading_shift_int=\count107
\c__fp_middle_shift_int=\count108
\c__fp_trailing_shift_int=\count109
\c__fp_big_leading_shift_int=\count110
\c__fp_big_middle_shift_int=\count111
\c__fp_big_trailing_shift_int=\count112
\c__fp_Bigg_leading_shift_int=\count113
\c__fp_Bigg_middle_shift_int=\count114
\c__fp_Bigg_trailing_shift_int=\count115
)
(/usr/local/texlive/2013/texmf-dist/tex/latex/l3kernel/l3box.sty
Package: l3box 2013/01/08 v4411 L3 Experimental boxes
\c_empty_box=\box27
\l_tmpa_box=\box28
\l_tmpb_box=\box29
\g_tmpa_box=\box30
\g_tmpb_box=\box31
)
(/usr/local/texlive/2013/texmf-dist/tex/latex/l3kernel/l3coffins.sty
Package: l3coffins 2012/09/09 v4212 L3 Coffin code layer
\l__coffin_internal_box=\box32
\l__coffin_internal_dim=\dimen123
\l__coffin_offset_x_dim=\dimen124
\l__coffin_offset_y_dim=\dimen125
\l__coffin_x_dim=\dimen126
\l__coffin_y_dim=\dimen127
\l__coffin_x_prime_dim=\dimen128
\l__coffin_y_prime_dim=\dimen129
\c_empty_coffin=\box33
\l__coffin_aligned_coffin=\box34
\l__coffin_aligned_internal_coffin=\box35
\l_tmpa_coffin=\box36
\l_tmpb_coffin=\box37
\l__coffin_display_coffin=\box38
\l__coffin_display_coord_coffin=\box39
\l__coffin_display_pole_coffin=\box40
\l__coffin_display_offset_dim=\dimen130
\l__coffin_display_x_dim=\dimen131
\l__coffin_display_y_dim=\dimen132
)
(/usr/local/texlive/2013/texmf-dist/tex/latex/l3kernel/l3color.sty
Package: l3color 2012/08/29 v4156 L3 Experimental color support
)
(/usr/local/texlive/2013/texmf-dist/tex/latex/l3kernel/l3luatex.sty
Package: l3luatex 2012/08/03 v4049 L3 Experimental LuaTeX-specific functions
\g__cctab_allocate_int=\count116
\g__cctab_stack_int=\count117
)
(/usr/local/texlive/2013/texmf-dist/tex/latex/l3kernel/l3candidates.sty
Package: l3candidates 2013/03/14 v4468 L3 Experimental additions to l3kernel
\l__box_top_dim=\dimen133
\l__box_bottom_dim=\dimen134
\l__box_left_dim=\dimen135
\l__box_right_dim=\dimen136
\l__box_top_new_dim=\dimen137
\l__box_bottom_new_dim=\dimen138
\l__box_left_new_dim=\dimen139
\l__box_right_new_dim=\dimen140
\l__box_internal_box=\box41
\l__coffin_bounding_shift_dim=\dimen141
\l__coffin_left_corner_dim=\dimen142
\l__coffin_right_corner_dim=\dimen143
\l__coffin_bottom_corner_dim=\dimen144
\l__coffin_top_corner_dim=\dimen145
\l__coffin_scaled_total_height_dim=\dimen146
\l__coffin_scaled_width_dim=\dimen147
)
(/usr/local/texlive/2013/texmf-dist/tex/generic/oberdiek/ifpdf.sty
Package: ifpdf 2011/01/30 v2.3 Provides the ifpdf switch (HO)
Package ifpdf Info: pdfTeX in PDF mode is not detected.
))
Package: xeCJK 2013/05/29 v3.2.1 Typesetting CJK scripts with XeLaTeX

(/usr/local/texlive/2013/texmf-dist/tex/latex/l3packages/xtemplate/xtemplate.st
y
Package: xtemplate 2013/03/12 v4467 L3 Experimental prototype document function
s
\l__xtemplate_tmp_dim=\dimen148
\l__xtemplate_tmp_int=\count118
\l__xtemplate_tmp_muskip=\muskip16
\l__xtemplate_tmp_skip=\skip50
Variant \prop_get:NoNTF already defined; not changing it on line 106
Variant \prop_get:NoNT already defined; not changing it on line 107
Variant \prop_get:NoNF already defined; not changing it on line 108
) (/usr/local/texlive/2013/texmf-dist/tex/latex/l3packages/xparse/xparse.sty
Package: xparse 2013/03/12 v4467 L3 Experimental document command parser
\l__xparse_current_arg_int=\count119
\l__xparse_m_args_int=\count120
\l__xparse_mandatory_args_int=\count121
\l__xparse_processor_int=\count122
\l__xparse_v_nesting_int=\count123
)
(/usr/local/texlive/2013/texmf-dist/tex/latex/l3packages/l3keys2e/l3keys2e.sty
Package: l3keys2e 2013/03/12 v4467 LaTeX2e option processing using LaTeX3 keys
)
\l__xeCJK_tmpa_int=\count124
\l__xeCJK_tmpb_int=\count125
\l__xeCJK_tmpc_int=\count126
\l__xeCJK_tmp_box=\box42
\l__xeCJK_tmp_dim=\dimen149
\l__xeCJK_tmp_skip=\skip51
\g__xeCJK_spacefactor_int=\count127
.................................................
. LaTeX info: "xparse/define-command"
. 
. Defining document command \makexeCJKactive with arg. spec. '' on line 304.
.................................................
.................................................
. LaTeX info: "xparse/define-command"
. 
. Defining document command \makexeCJKinactive with arg. spec. '' on line 305.
.................................................
\c__xeCJK_HalfLeft_class_int=\XeTeXintercharclass4
\c__xeCJK_HalfRight_class_int=\XeTeXintercharclass5
\c__xeCJK_NormalSpace_class_int=\XeTeXintercharclass6
\c__xeCJK_IVS_class_int=\XeTeXintercharclass7
.................................................
. LaTeX info: "xparse/define-command"
. 
. Defining document command \xeCJKDeclareCharClass with arg. spec.
. 's>{\TrimSpaces }mm' on line 432.
.................................................
.................................................
. LaTeX info: "xparse/define-command"
. 
. Defining document command \__xeCJK_set_char_class_aux:Nnw with arg. spec.
. 'm>{\SplitArgument {1}{->}}m' on line 448.
.................................................
.................................................
. LaTeX info: "xparse/define-command"
. 
. Defining document command \normalspacedchars with arg. spec. 'm' on line
. 501.
.................................................
.................................................
. LaTeX info: "xparse/define-command"
. 
. Defining document command \xeCJKResetPunctClass with arg. spec. '' on line
. 508.
.................................................
.................................................
. LaTeX info: "xparse/define-command"
. 
. Defining document command \xeCJKResetCharClass with arg. spec. '' on line
. 515.
.................................................
\c__xeCJK_CJK_node_dim=\dimen150
\c__xeCJK_CJK-space_node_dim=\dimen151
\c__xeCJK_default_node_dim=\dimen152
\c__xeCJK_default-space_node_dim=\dimen153
\l__xeCJK_ccglue_skip=\skip52
\l__xeCJK_ecglue_skip=\skip53
.................................................
. LaTeX info: "xparse/define-command"
. 
. Defining document command \xeCJKnobreak with arg. spec. '' on line 1061.
.................................................
.................................................
. LaTeX info: "xparse/define-command"
. 
. Defining document command \xeCJKDeclareSubCJKBlock with arg. spec.
. 's>{\TrimSpaces }m>{\TrimSpaces }m' on line 1225.
.................................................
.................................................
. LaTeX info: "xparse/define-command"
. 
. Defining document command \xeCJKCancelSubCJKBlock with arg. spec. 'sm' on
. line 1236.
.................................................
.................................................
. LaTeX info: "xparse/define-command"
. 
. Defining document command \xeCJKRestoreSubCJKBlock with arg. spec. 'sm' on
. line 1245.
.................................................
.................................................
. LaTeX info: "xparse/define-command"
. 
. Defining document command \xeCJKsetwidth with arg. spec. 'mm' on line 1324.
.................................................
.................................................
. LaTeX info: "xparse/define-command"
. 
. Defining document command \xeCJKsetkern with arg. spec. 'mmm' on line 1327.
.................................................
.................................................
. xtemplate info: "declare-object-type"
. 
. Declaring object type 'xeCJK/punctuation' taking \c_three  argument(s) on
. line 1415.
.................................................
\l__xeCJK_fixed_punct_width_dim=\dimen154
\l__xeCJK_mixed_punct_width_dim=\dimen155
\l__xeCJK_middle_punct_width_dim=\dimen156
\l__xeCJK_fixed_margin_width_dim=\dimen157
\l__xeCJK_mixed_margin_width_dim=\dimen158
\l__xeCJK_middle_margin_width_dim=\dimen159
\l__xeCJK_margin_minimum_dim=\dimen160
\l__xeCJK_kerning_total_width_dim=\dimen161
\l__xeCJK_same_align_margin_dim=\dimen162
\l__xeCJK_different_align_margin_dim=\dimen163
\l__xeCJK_kerning_margin_width_dim=\dimen164
\l__xeCJK_kerning_margin_minimum_dim=\dimen165
.................................................
. LaTeX info: "xparse/define-command"
. 
. Defining document command \xeCJKDeclarePunctStyle with arg. spec.
. '>{\TrimSpaces }mm' on line 1806.
.................................................
.................................................
. LaTeX info: "xparse/define-command"
. 
. Defining document command \xeCJKEditPunctStyle with arg. spec.
. '>{\TrimSpaces }mm' on line 1819.
.................................................
.................................................
. LaTeX info: "xparse/define-command"
. 
. Defining document command \setCJKfallbackfamilyfont with arg. spec. 'mO{}m'
. on line 1899.
.................................................
\g__xeCJK_family_int=\count128
.................................................
. LaTeX info: "xparse/define-command"
. 
. Defining document command \CJKfamily with arg. spec. 't+t-m' on line 2407.
.................................................
.................................................
. LaTeX info: "xparse/define-command"
. 
. Defining document command \__xeCJK_gobble_CJKfamily:wn with arg. spec.
. 't+t-m' on line 2411.
.................................................
.................................................
. LaTeX info: "xparse/define-command"
. 
. Defining document command \setCJKmainfont with arg. spec. 'O{}m' on line
. 2461.
.................................................
.................................................
. LaTeX info: "xparse/define-command"
. 
. Defining document command \setCJKsansfont with arg. spec. 'O{}m' on line
. 2467.
.................................................
.................................................
. LaTeX info: "xparse/define-command"
. 
. Defining document command \setCJKmonofont with arg. spec. 'O{}m' on line
. 2472.
.................................................
.................................................
. LaTeX info: "xparse/define-command"
. 
. Defining document command \setCJKfamilyfont with arg. spec. 'mO{}m' on line
. 2479.
.................................................
.................................................
. LaTeX info: "xparse/define-command"
. 
. Defining document command \newCJKfontfamily with arg. spec. 'omO{}m' on line
. 2485.
.................................................
.................................................
. LaTeX info: "xparse/define-command"
. 
. Defining document command \CJKfontspec with arg. spec. 'O{}m' on line 2490.
.................................................
.................................................
. LaTeX info: "xparse/define-command"
. 
. Defining document command \defaultCJKfontfeatures with arg. spec. 'm' on
. line 2506.
.................................................
.................................................
. LaTeX info: "xparse/define-command"
. 
. Defining document command \addCJKfontfeatures with arg. spec. 'm' on line
. 2512.
.................................................
.................................................
. LaTeX info: "xparse/define-command"
. 
. Defining document command \setCJKmathfont with arg. spec. 'O{}m' on line
. 2610.
.................................................
\l__xeCJK_verb_case_int=\count129
.................................................
. LaTeX info: "xparse/define-command"
. 
. Defining document command \xeCJKVerbAddon with arg. spec. '' on line 2692.
.................................................
\g__xeCJK_verb_exspace_skip=\skip54
(/usr/local/texlive/2013/texmf-dist/tex/latex/fontspec/fontspec.sty
Package: fontspec 2013/05/20 v2.3c Font selection for XeLaTeX and LuaLaTeX
\l_fontspec_script_int=\count130
\l_fontspec_language_int=\count131
\l_fontspec_strnum_int=\count132
\l_fontspec_tmpa_dim=\dimen166
\l_fontspec_tmpb_dim=\dimen167
\l_fontspec_tmpc_dim=\dimen168
Variant \tl_gset:cV already defined; not changing it on line 69

(/usr/local/texlive/2013/texmf-dist/tex/latex/fontspec/fontspec-patches.sty
Package: fontspec-patches 2013/05/20 v2.3c Font selection for XeLaTeX and LuaLa
TeX

(/usr/local/texlive/2013/texmf-dist/tex/latex/base/fixltx2e.sty
Package: fixltx2e 2006/09/13 v1.1m fixes to LaTeX
LaTeX Info: Redefining \em on input line 420.
)
LaTeX Info: Redefining \em on input line 22.
LaTeX Info: Redefining \emph on input line 30.
LaTeX Info: Redefining \- on input line 33.

*************************************************
* LaTeX warning: "xparse/redefine-command"
* 
* Redefining document command \oldstylenums with arg. spec. 'm' on line 128.
*************************************************
.................................................
. LaTeX info: "xparse/define-command"
. 
. Defining document command \liningnums with arg. spec. 'm' on line 132.
.................................................
) (/usr/local/texlive/2013/texmf-dist/tex/latex/fontspec/fontspec-xetex.sty
Package: fontspec-xetex 2013/05/20 v2.3c Font selection for XeLaTeX and LuaLaTe
X

(/usr/local/texlive/2013/texmf-dist/tex/latex/base/fontenc.sty
Package: fontenc 2005/09/27 v1.99g Standard LaTeX package

(/usr/local/texlive/2013/texmf-dist/tex/latex/euenc/eu1enc.def
File: eu1enc.def 2010/05/27 v0.1h Experimental Unicode font encodings
)
LaTeX Font Info:    Try loading font information for EU1+lmr on input line 100.


(/usr/local/texlive/2013/texmf-dist/tex/latex/euenc/eu1lmr.fd
File: eu1lmr.fd 2009/10/30 v1.6 Font defs for Latin Modern
))
(/usr/local/texlive/2013/texmf-dist/tex/xelatex/xunicode/xunicode.sty
File: xunicode.sty 2011/09/09 v0.981 provides access to latin accents and many 
other characters in Unicode lower plane

(/usr/local/texlive/2013/texmf-dist/tex/latex/tipa/t3enc.def
File: t3enc.def 2001/12/31 T3 encoding
LaTeX Font Info:    Try loading font information for EU1+lmss on input line 357
.

(/usr/local/texlive/2013/texmf-dist/tex/latex/euenc/eu1lmss.fd
File: eu1lmss.fd 2009/10/30 v1.6 Font defs for Latin Modern
))
\tipaTiiicode=\count133
\tipasavetokens=\toks15
\tipachecktokens=\toks16

(/usr/local/texlive/2013/texmf-dist/tex/latex/graphics/graphicx.sty
Package: graphicx 1999/02/16 v1.0f Enhanced LaTeX Graphics (DPC,SPQR)

(/usr/local/texlive/2013/texmf-dist/tex/latex/graphics/keyval.sty
Package: keyval 1999/03/16 v1.13 key=value parser (DPC)
\KV@toks@=\toks17
)
(/usr/local/texlive/2013/texmf-dist/tex/latex/graphics/graphics.sty
Package: graphics 2009/02/05 v1.0o Standard LaTeX Graphics (DPC,SPQR)

(/usr/local/texlive/2013/texmf-dist/tex/latex/graphics/trig.sty
Package: trig 1999/03/16 v1.09 sin cos tan (DPC)
)
(/usr/local/texlive/2013/texmf-dist/tex/latex/latexconfig/graphics.cfg
File: graphics.cfg 2010/04/23 v1.9 graphics configuration of TeX Live
)
Package graphics Info: Driver file: xetex.def on input line 91.

(/usr/local/texlive/2013/texmf-dist/tex/xelatex/xetex-def/xetex.def
File: xetex.def 2013/04/29 v0.96 LaTeX color/graphics driver for XeTeX (RRM/JK)

))
\Gin@req@height=\dimen169
\Gin@req@width=\dimen170
))
.................................................
. LaTeX info: "xparse/define-command"
. 
. Defining document command \fontspec with arg. spec. 'O{}m' on line 41.
.................................................
.................................................
. LaTeX info: "xparse/define-command"
. 
. Defining document command \setmainfont with arg. spec. 'O{}m' on line 46.
.................................................
.................................................
. LaTeX info: "xparse/define-command"
. 
. Defining document command \setsansfont with arg. spec. 'O{}m' on line 51.
.................................................
.................................................
. LaTeX info: "xparse/define-command"
. 
. Defining document command \setmonofont with arg. spec. 'O{}m' on line 56.
.................................................
.................................................
. LaTeX info: "xparse/define-command"
. 
. Defining document command \setmathrm with arg. spec. 'O{}m' on line 65.
.................................................
.................................................
. LaTeX info: "xparse/define-command"
. 
. Defining document command \setboldmathrm with arg. spec. 'O{}m' on line 69.
.................................................
.................................................
. LaTeX info: "xparse/define-command"
. 
. Defining document command \setmathsf with arg. spec. 'O{}m' on line 73.
.................................................
.................................................
. LaTeX info: "xparse/define-command"
. 
. Defining document command \setmathtt with arg. spec. 'O{}m' on line 77.
.................................................
.................................................
. LaTeX info: "xparse/define-command"
. 
. Defining document command \newfontfamily with arg. spec. 'mO{}m' on line 96.
.................................................
.................................................
. LaTeX info: "xparse/define-command"
. 
. Defining document command \newfontface with arg. spec. 'mO{}m' on line 100.
.................................................
.................................................
. LaTeX info: "xparse/define-command"
. 
. Defining document command \defaultfontfeatures with arg. spec. 'om' on line
. 108.
.................................................
.................................................
. LaTeX info: "xparse/define-command"
. 
. Defining document command \addfontfeatures with arg. spec. 'm' on line 144.
.................................................
.................................................
. LaTeX info: "xparse/define-command"
. 
. Defining document command \newfontfeature with arg. spec. 'mm' on line 156.
.................................................
.................................................
. LaTeX info: "xparse/define-command"
. 
. Defining document command \newAATfeature with arg. spec. 'mmmm' on line 164.
.................................................
.................................................
. LaTeX info: "xparse/define-command"
. 
. Defining document command \newICUfeature with arg. spec. 'mmm' on line 172.
.................................................
.................................................
. LaTeX info: "xparse/define-command"
. 
. Defining document command \aliasfontfeature with arg. spec. 'mm' on line
. 201.
.................................................
.................................................
. LaTeX info: "xparse/define-command"
. 
. Defining document command \aliasfontfeatureoption with arg. spec. 'mmm' on
. line 203.
.................................................
.................................................
. LaTeX info: "xparse/define-command"
. 
. Defining document command \newfontscript with arg. spec. 'mm' on line 208.
.................................................
.................................................
. LaTeX info: "xparse/define-command"
. 
. Defining document command \newfontlanguage with arg. spec. 'mm' on line 235.
.................................................
.................................................
. LaTeX info: "xparse/define-command"
. 
. Defining document command \DeclareFontsExtensions with arg. spec. 'm' on
. line 256.
.................................................
Variant \prop_gput:cnV already defined; not changing it on line 582
Variant \prop_gput:cnx already defined; not changing it on line 583
\l_fontspec_tmp_int=\count134
LaTeX Info: Redefining \itshape on input line 2087.
LaTeX Info: Redefining \slshape on input line 2092.
LaTeX Info: Redefining \scshape on input line 2097.
LaTeX Info: Redefining \upshape on input line 2102.

(/usr/local/texlive/2013/texmf-dist/tex/latex/fontspec/fontspec.cfg)))
(/usr/local/texlive/2013/texmf-dist/tex/latex/tools/indentfirst.sty
Package: indentfirst 1995/11/23 v1.03 Indent first paragraph (DPC)
)
.................................................
. LaTeX info: "xparse/define-command"
. 
. Defining document command \xeCJKsetup with arg. spec. '+m' on line 2893.
.................................................
.................................................
. LaTeX info: "xparse/define-command"
. 
. Defining document command \xeCJKsetemboldenfactor with arg. spec. 'm' on
. line 2895.
.................................................
.................................................
. LaTeX info: "xparse/define-command"
. 
. Defining document command \xeCJKsetslantfactor with arg. spec. 'm' on line
. 2897.
.................................................
.................................................
. LaTeX info: "xparse/define-command"
. 
. Defining document command \punctstyle with arg. spec. 'm' on line 2898.
.................................................
.................................................
. LaTeX info: "xparse/define-command"
. 
. Defining document command \xeCJKplainchr with arg. spec. '' on line 2899.
.................................................
.................................................
. LaTeX info: "xparse/define-command"
. 
. Defining document command \CJKsetecglue with arg. spec. 'm' on line 2900.
.................................................
.................................................
. LaTeX info: "xparse/define-command"
. 
. Defining document command \CJKspace with arg. spec. '' on line 2902.
.................................................
.................................................
. LaTeX info: "xparse/define-command"
. 
. Defining document command \CJKnospace with arg. spec. '' on line 2903.
.................................................
.................................................
. LaTeX info: "xparse/define-command"
. 
. Defining document command \xeCJKallowbreakbetweenpuncts with arg. spec. ''
. on line 2905.
.................................................
.................................................
. LaTeX info: "xparse/define-command"
. 
. Defining document command \xeCJKnobreakbetweenpuncts with arg. spec. '' on
. line 2907.
.................................................
.................................................
. LaTeX info: "xparse/define-command"
. 
. Defining document command \xeCJKenablefallback with arg. spec. '' on line
. 2909.
.................................................
.................................................
. LaTeX info: "xparse/define-command"
. 
. Defining document command \xeCJKdisablefallback with arg. spec. '' on line
. 2911.
.................................................
.................................................
. LaTeX info: "xparse/define-command"
. 
. Defining document command \xeCJKsetcharclass with arg. spec. 'mmm' on line
. 2916.
.................................................

*************************************************
* LaTeX warning: "xparse/redefine-command"
* 
* Redefining document command \fontfamily with arg. spec. 'm' on line 2970.
*************************************************
.................................................
. LaTeX info: "xparse/define-command"
. 
. Defining document command \xeCJKcaption with arg. spec. 'om' on line 3102.
.................................................
(/usr/local/texlive/2013/texmf-dist/tex/latex/cjk/texinput/CJKnumb.sty
Package: CJKnumb 2012/05/07 4.8.3
\CJK@q=\count135
\CJK@r=\count136
)
(/usr/local/texlive/2013/texmf-dist/tex/xelatex/xecjk/config/xeCJK.cfg
File: xeCJK.cfg 2013/05/29 v3.2.1 Configuration file for xeCJK package
))
\g__file_internal_ior=\read1
\g_fontspec_family_SimSun_int=\count137
.................................................
. fontspec info: "defining-font"
. 
. Font family 'SimSun(0)' created for font 'SimSun' with options
. [Script={CJK},BoldFont={SimHei},BoldItalicFont={SimHei},BoldSlantedFont={SimH
ei},ItalicFont={KaiTi},SlantedFont={KaiTi}].
. 
. This font family consists of the following shapes:
. 
. * 'normal' with NFSS spec.:
. <->"SimSun/ICU:script=hani;language=DFLT;"
. 
. * 'bold' with NFSS spec.:
. <->"SimHei/ICU:script=hani;language=DFLT;"
. 
. * 'italic' with NFSS spec.:
. <->"KaiTi/ICU:script=hani;language=DFLT;"
. 
. * 'sl/' with NFSS spec.:
. <->"KaiTi/ICU:script=hani;language=DFLT;"
. 
. * 'bold italic' with NFSS spec.:
. <->"SimHei/ICU:script=hani;language=DFLT;"
. 
. * 'sl/' with NFSS spec.:
. <->"SimHei/ICU:script=hani;language=DFLT;"
.................................................

(/usr/local/texlive/2013/texmf-dist/tex/latex/xcolor/xcolor.sty
Package: xcolor 2007/01/21 v2.11 LaTeX color extensions (UK)

(/usr/local/texlive/2013/texmf-dist/tex/latex/latexconfig/color.cfg
File: color.cfg 2007/01/18 v1.5 color configuration of teTeX/TeXLive
)
Package xcolor Info: Package option `usenames' ignored on input line 216.
Package xcolor Info: Driver file: xetex.def on input line 225.
Package xcolor Info: Model `cmy' substituted by `cmy0' on input line 1337.
Package xcolor Info: Model `RGB' extended on input line 1353.
Package xcolor Info: Model `HTML' substituted by `rgb' on input line 1355.
Package xcolor Info: Model `Hsb' substituted by `hsb' on input line 1356.
Package xcolor Info: Model `tHsb' substituted by `hsb' on input line 1357.
Package xcolor Info: Model `HSB' substituted by `hsb' on input line 1358.
Package xcolor Info: Model `Gray' substituted by `gray' on input line 1359.
Package xcolor Info: Model `wave' substituted by `hsb' on input line 1360.

(/usr/local/texlive/2013/texmf-dist/tex/latex/graphics/dvipsnam.def
File: dvipsnam.def 1999/02/16 v3.0i Driver-dependant file (DPC,SPQR)
))
(/usr/local/texlive/2013/texmf-dist/tex/latex/listings/listings.sty
\lst@mode=\count138
\lst@gtempboxa=\box43
\lst@token=\toks18
\lst@length=\count139
\lst@currlwidth=\dimen171
\lst@column=\count140
\lst@pos=\count141
\lst@lostspace=\dimen172
\lst@width=\dimen173
\lst@newlines=\count142
\lst@lineno=\count143
\lst@maxwidth=\dimen174

(/usr/local/texlive/2013/texmf-dist/tex/latex/listings/lstmisc.sty
File: lstmisc.sty 2007/02/22 1.4 (Carsten Heinz)
\c@lstnumber=\count144
\lst@skipnumbers=\count145
\lst@framebox=\box44
)
(/usr/local/texlive/2013/texmf-dist/tex/latex/listings/listings.cfg
File: listings.cfg 2007/02/22 1.4 listings configuration
))
Package: listings 2007/02/22 1.4 (Carsten Heinz)

(/usr/local/texlive/2013/texmf-dist/tex/latex/hyperref/hyperref.sty
Package: hyperref 2012/11/06 v6.83m Hypertext links for LaTeX

(/usr/local/texlive/2013/texmf-dist/tex/generic/oberdiek/hobsub-hyperref.sty
Package: hobsub-hyperref 2012/05/28 v1.13 Bundle oberdiek, subset hyperref (HO)


(/usr/local/texlive/2013/texmf-dist/tex/generic/oberdiek/hobsub-generic.sty
Package: hobsub-generic 2012/05/28 v1.13 Bundle oberdiek, subset generic (HO)
Package: hobsub 2012/05/28 v1.13 Construct package bundles (HO)
Package: infwarerr 2010/04/08 v1.3 Providing info/warning/error messages (HO)
Package: ltxcmds 2011/11/09 v1.22 LaTeX kernel commands for general use (HO)
Package: ifluatex 2010/03/01 v1.3 Provides the ifluatex switch (HO)
Package ifluatex Info: LuaTeX not detected.
Package: ifvtex 2010/03/01 v1.5 Detect VTeX and its facilities (HO)
Package ifvtex Info: VTeX not detected.
Package: intcalc 2007/09/27 v1.1 Expandable calculations with integers (HO)
Package hobsub Info: Skipping package `ifpdf' (already loaded).
Package: etexcmds 2011/02/16 v1.5 Avoid name clashes with e-TeX commands (HO)
Package etexcmds Info: Could not find \expanded.
(etexcmds)             That can mean that you are not using pdfTeX 1.50 or
(etexcmds)             that some package has redefined \expanded.
(etexcmds)             In the latter case, load this package earlier.
Package: kvsetkeys 2012/04/25 v1.16 Key value parser (HO)
Package: kvdefinekeys 2011/04/07 v1.3 Define keys (HO)
Package: pdftexcmds 2011/11/29 v0.20 Utility functions of pdfTeX for LuaTeX (HO
)
Package pdftexcmds Info: LuaTeX not detected.
Package pdftexcmds Info: pdfTeX >= 1.30 not detected.
Package pdftexcmds Info: \pdf@primitive is available.
Package pdftexcmds Info: \pdf@ifprimitive is available.
Package pdftexcmds Info: \pdfdraftmode not found.
Package: pdfescape 2011/11/25 v1.13 Implements pdfTeX's escape features (HO)
Package: bigintcalc 2012/04/08 v1.3 Expandable calculations on big integers (HO
)
Package: bitset 2011/01/30 v1.1 Handle bit-vector datatype (HO)
Package: uniquecounter 2011/01/30 v1.2 Provide unlimited unique counter (HO)
)
Package hobsub Info: Skipping package `hobsub' (already loaded).
Package: letltxmacro 2010/09/02 v1.4 Let assignment for LaTeX macros (HO)
Package: hopatch 2012/05/28 v1.2 Wrapper for package hooks (HO)
Package: xcolor-patch 2011/01/30 xcolor patch
Package: atveryend 2011/06/30 v1.8 Hooks at the very end of document (HO)
Package atveryend Info: \enddocument detected (standard20110627).
Package: atbegshi 2011/10/05 v1.16 At begin shipout hook (HO)
Package: refcount 2011/10/16 v3.4 Data extraction from label references (HO)
Package: hycolor 2011/01/30 v1.7 Color options for hyperref/bookmark (HO)
)
(/usr/local/texlive/2013/texmf-dist/tex/generic/ifxetex/ifxetex.sty
Package: ifxetex 2010/09/12 v0.6 Provides ifxetex conditional
)
(/usr/local/texlive/2013/texmf-dist/tex/latex/oberdiek/auxhook.sty
Package: auxhook 2011/03/04 v1.3 Hooks for auxiliary files (HO)
)
(/usr/local/texlive/2013/texmf-dist/tex/latex/oberdiek/kvoptions.sty
Package: kvoptions 2011/06/30 v3.11 Key value format for package options (HO)
)
\@linkdim=\dimen175
\Hy@linkcounter=\count146
\Hy@pagecounter=\count147

(/usr/local/texlive/2013/texmf-dist/tex/latex/hyperref/pd1enc.def
File: pd1enc.def 2012/11/06 v6.83m Hyperref: PDFDocEncoding definition (HO)
)
\Hy@SavedSpaceFactor=\count148

(/usr/local/texlive/2013/texmf-dist/tex/latex/latexconfig/hyperref.cfg
File: hyperref.cfg 2002/06/06 v1.2 hyperref configuration of TeXLive
)
Package hyperref Info: Option `bookmarksnumbered' set `true' on input line 4319
.
Package hyperref Info: Option `unicode' set `true' on input line 4319.

(/usr/local/texlive/2013/texmf-dist/tex/latex/hyperref/puenc.def
File: puenc.def 2012/11/06 v6.83m Hyperref: PDF Unicode definition (HO)
)
(/usr/local/texlive/2013/texmf-dist/tex/generic/oberdiek/stringenc.sty
Package: stringenc 2011/12/02 v1.10 Convert strings between diff. encodings (HO
)
)
Package hyperref Info: Option `breaklinks' set `true' on input line 4319.
Package hyperref Info: Option `colorlinks' set `true' on input line 4319.
Package hyperref Info: Hyper figures OFF on input line 4443.
Package hyperref Info: Link nesting OFF on input line 4448.
Package hyperref Info: Hyper index ON on input line 4451.
Package hyperref Info: Plain pages OFF on input line 4458.
Package hyperref Info: Backreferencing OFF on input line 4463.
Package hyperref Info: Implicit mode ON; LaTeX internals redefined.
Package hyperref Info: Bookmarks ON on input line 4688.
\c@Hy@tempcnt=\count149

(/usr/local/texlive/2013/texmf-dist/tex/latex/url/url.sty
\Urlmuskip=\muskip17
Package: url 2006/04/12  ver 3.3  Verb mode for urls, etc.
)
LaTeX Info: Redefining \url on input line 5041.
\XeTeXLinkMargin=\dimen176
\Fld@menulength=\count150
\Field@Width=\dimen177
\Fld@charsize=\dimen178
Package hyperref Info: Hyper figures OFF on input line 6295.
Package hyperref Info: Link nesting OFF on input line 6300.
Package hyperref Info: Hyper index ON on input line 6303.
Package hyperref Info: backreferencing OFF on input line 6310.
Package hyperref Info: Link coloring ON on input line 6313.
Package hyperref Info: Link coloring with OCG OFF on input line 6320.
Package hyperref Info: PDF/A mode OFF on input line 6325.
LaTeX Info: Redefining \ref on input line 6365.
LaTeX Info: Redefining \pageref on input line 6369.
\Hy@abspage=\count151
\c@Item=\count152
\c@Hfootnote=\count153
)

Package hyperref Message: Driver (autodetected): hxetex.

(/usr/local/texlive/2013/texmf-dist/tex/latex/hyperref/hxetex.def
File: hxetex.def 2012/11/06 v6.83m Hyperref driver for XeTeX
\pdfm@box=\box45
\c@Hy@AnnotLevel=\count154
\HyField@AnnotCount=\count155
\Fld@listcount=\count156
\c@bookmark@seq@number=\count157

(/usr/local/texlive/2013/texmf-dist/tex/latex/oberdiek/rerunfilecheck.sty
Package: rerunfilecheck 2011/04/15 v1.7 Rerun checks for auxiliary files (HO)
Package rerunfilecheck Info: Feature \pdfmdfivesum is not available
(rerunfilecheck)             (e.g. pdfTeX or LuaTeX with package `pdftexcmds').

(rerunfilecheck)             Therefore file contents cannot be checked efficien
tly
(rerunfilecheck)             and the loading of the package is aborted.
)
\Hy@SectionHShift=\skip55
)
(/usr/local/texlive/2013/texmf-dist/tex/latex/cite/cite.sty
LaTeX Info: Redefining \cite on input line 302.
LaTeX Info: Redefining \nocite on input line 373.
Package: cite 2010/09/10  v 5.3
)
(/usr/local/texlive/2013/texmf-dist/tex/latex/sttools/stfloats.sty
Package: stfloats 2012/05/29 v1.1 Improve float mechanism and baselineskip sett
ings
\@dblbotnum=\count158
\c@dblbotnumber=\count159
)
(/usr/local/texlive/2013/texmf-dist/tex/latex/amsfonts/amssymb.sty
Package: amssymb 2013/01/14 v3.01 AMS font symbols

(/usr/local/texlive/2013/texmf-dist/tex/latex/amsfonts/amsfonts.sty
Package: amsfonts 2013/01/14 v3.01 Basic AMSFonts support
\@emptytoks=\toks19
\symAMSa=\mathgroup4
\symAMSb=\mathgroup5
LaTeX Font Info:    Overwriting math alphabet `\mathfrak' in version `bold'
(Font)                  U/euf/m/n --> U/euf/b/n on input line 106.
))
(./TechNotes.aux)
\openout1 = `TechNotes.aux'.

LaTeX Font Info:    Checking defaults for OML/cmm/m/it on input line 24.
LaTeX Font Info:    ... okay on input line 24.
LaTeX Font Info:    Checking defaults for T1/cmr/m/n on input line 24.
LaTeX Font Info:    ... okay on input line 24.
LaTeX Font Info:    Checking defaults for OT1/cmr/m/n on input line 24.
LaTeX Font Info:    ... okay on input line 24.
LaTeX Font Info:    Checking defaults for OMS/cmsy/m/n on input line 24.
LaTeX Font Info:    ... okay on input line 24.
LaTeX Font Info:    Checking defaults for OMX/cmex/m/n on input line 24.
LaTeX Font Info:    ... okay on input line 24.
LaTeX Font Info:    Checking defaults for U/cmr/m/n on input line 24.
LaTeX Font Info:    ... okay on input line 24.
LaTeX Font Info:    Checking defaults for EU1/lmr/m/n on input line 24.
LaTeX Font Info:    ... okay on input line 24.
LaTeX Font Info:    Checking defaults for T3/cmr/m/n on input line 24.
LaTeX Font Info:    Try loading font information for T3+cmr on input line 24.
 (/usr/local/texlive/2013/texmf-dist/tex/latex/tipa/t3cmr.fd
File: t3cmr.fd 2001/12/31 TIPA font definitions
)
LaTeX Font Info:    ... okay on input line 24.
LaTeX Font Info:    Checking defaults for PD1/pdf/m/n on input line 24.
LaTeX Font Info:    ... okay on input line 24.
LaTeX Font Info:    Checking defaults for PU/pdf/m/n on input line 24.
LaTeX Font Info:    ... okay on input line 24.
.................................................
. fontspec info: "setup-math"
. 
. Adjusting the maths setup (use [no-math] to avoid this).
.................................................
\symlegacymaths=\mathgroup6
LaTeX Font Info:    Overwriting symbol font `legacymaths' in version `bold'
(Font)                  OT1/cmr/m/n --> OT1/cmr/bx/n on input line 24.
LaTeX Font Info:    Redeclaring math accent \acute on input line 24.
LaTeX Font Info:    Redeclaring math accent \grave on input line 24.
LaTeX Font Info:    Redeclaring math accent \ddot on input line 24.
LaTeX Font Info:    Redeclaring math accent \tilde on input line 24.
LaTeX Font Info:    Redeclaring math accent \bar on input line 24.
LaTeX Font Info:    Redeclaring math accent \breve on input line 24.
LaTeX Font Info:    Redeclaring math accent \check on input line 24.
LaTeX Font Info:    Redeclaring math accent \hat on input line 24.
LaTeX Font Info:    Redeclaring math accent \dot on input line 24.
LaTeX Font Info:    Redeclaring math accent \mathring on input line 24.
LaTeX Font Info:    Redeclaring math symbol \colon on input line 24.
LaTeX Font Info:    Redeclaring math symbol \Gamma on input line 24.
LaTeX Font Info:    Redeclaring math symbol \Delta on input line 24.
LaTeX Font Info:    Redeclaring math symbol \Theta on input line 24.
LaTeX Font Info:    Redeclaring math symbol \Lambda on input line 24.
LaTeX Font Info:    Redeclaring math symbol \Xi on input line 24.
LaTeX Font Info:    Redeclaring math symbol \Pi on input line 24.
LaTeX Font Info:    Redeclaring math symbol \Sigma on input line 24.
LaTeX Font Info:    Redeclaring math symbol \Upsilon on input line 24.
LaTeX Font Info:    Redeclaring math symbol \Phi on input line 24.
LaTeX Font Info:    Redeclaring math symbol \Psi on input line 24.
LaTeX Font Info:    Redeclaring math symbol \Omega on input line 24.
LaTeX Font Info:    Redeclaring math symbol \mathdollar on input line 24.
LaTeX Font Info:    Redeclaring symbol font `operators' on input line 24.
LaTeX Font Info:    Encoding `OT1' has changed to `EU1' for symbol font
(Font)              `operators' in the math version `normal' on input line 24.
LaTeX Font Info:    Overwriting symbol font `operators' in version `normal'
(Font)                  OT1/cmr/m/n --> EU1/lmr/m/n on input line 24.
LaTeX Font Info:    Encoding `OT1' has changed to `EU1' for symbol font
(Font)              `operators' in the math version `bold' on input line 24.
LaTeX Font Info:    Overwriting symbol font `operators' in version `bold'
(Font)                  OT1/cmr/bx/n --> EU1/lmr/m/n on input line 24.
LaTeX Font Info:    Overwriting symbol font `operators' in version `normal'
(Font)                  EU1/lmr/m/n --> EU1/lmr/m/n on input line 24.
LaTeX Font Info:    Overwriting math alphabet `\mathrm' in version `normal'
(Font)                  EU1/lmr/m/n --> EU1/lmr/m/n on input line 24.
LaTeX Font Info:    Overwriting math alphabet `\mathit' in version `normal'
(Font)                  OT1/cmr/m/it --> EU1/lmr/m/it on input line 24.
LaTeX Font Info:    Overwriting math alphabet `\mathbf' in version `normal'
(Font)                  OT1/cmr/bx/n --> EU1/lmr/bx/n on input line 24.
LaTeX Font Info:    Overwriting math alphabet `\mathsf' in version `normal'
(Font)                  OT1/cmss/m/n --> EU1/lmss/m/n on input line 24.
LaTeX Font Info:    Overwriting math alphabet `\mathtt' in version `normal'
(Font)                  OT1/cmtt/m/n --> EU1/lmtt/m/n on input line 24.
LaTeX Font Info:    Overwriting symbol font `operators' in version `bold'
(Font)                  EU1/lmr/m/n --> EU1/lmr/bx/n on input line 24.
LaTeX Font Info:    Overwriting math alphabet `\mathrm' in version `bold'
(Font)                  EU1/lmr/m/n --> EU1/lmr/bx/n on input line 24.
LaTeX Font Info:    Overwriting math alphabet `\mathit' in version `bold'
(Font)                  OT1/cmr/bx/it --> EU1/lmr/bx/it on input line 24.
LaTeX Font Info:    Overwriting math alphabet `\mathsf' in version `bold'
(Font)                  OT1/cmss/bx/n --> EU1/lmss/bx/n on input line 24.
LaTeX Font Info:    Overwriting math alphabet `\mathtt' in version `bold'
(Font)                  OT1/cmtt/m/n --> EU1/lmtt/bx/n on input line 24.
\c@lstlisting=\count160
\AtBeginShipoutBox=\box46
Package hyperref Info: Link coloring ON on input line 24.

(/usr/local/texlive/2013/texmf-dist/tex/latex/hyperref/nameref.sty
Package: nameref 2012/10/27 v2.43 Cross-referencing by name of section

(/usr/local/texlive/2013/texmf-dist/tex/generic/oberdiek/gettitlestring.sty
Package: gettitlestring 2010/12/03 v1.4 Cleanup title references (HO)
)
\c@section@level=\count161
)
LaTeX Info: Redefining \ref on input line 24.
LaTeX Info: Redefining \pageref on input line 24.
LaTeX Info: Redefining \nameref on input line 24.

(./TechNotes.out) (./TechNotes.out)
\@outlinefile=\write3
\openout3 = `TechNotes.out'.



LaTeX Font Warning: Font shape `EU1/SimSun(0)/m/sc' undefined
(Font)              using `EU1/SimSun(0)/m/n' instead on input line 46.

(/usr/local/texlive/2013/texmf-dist/tex/generic/oberdiek/se-ascii-print.def
File: se-ascii-print.def 2011/12/02 v1.10 stringenc: Printable ASCII characters

)
Underfull \hbox (badness 6708) in paragraph at lines 51--57
\EU1/lmr/m/n/10 2.x API \EU1/SimSun(0)/m/n/10 框 架 下 采 用 \EU1/lmr/m/n/10 C++ \EU
1/SimSun(0)/m/n/10 实 现\EU1/lmr/m/n/10 , \EU1/SimSun(0)/m/n/10 故 采 用 后
 []

(/usr/local/texlive/2013/texmf-dist/tex/latex/listings/lstlang1.sty
File: lstlang1.sty 2004/09/05 1.3 listings language file
)
(/usr/local/texlive/2013/texmf-dist/tex/latex/listings/lstlang1.sty
File: lstlang1.sty 2004/09/05 1.3 listings language file
)
*************************************************
* xeCJK warning: "CJKfamily-Unknown"
* 
* Unknown CJK family `\CJKttdefault' is being ignored.
* 
* Try to use `\setCJKmonofont[...]{...}' to define it.
*************************************************
LaTeX Font Info:    Try loading font information for EU1+lmtt on input line 66.

(/usr/local/texlive/2013/texmf-dist/tex/latex/euenc/eu1lmtt.fd
File: eu1lmtt.fd 2009/10/30 v1.6 Font defs for Latin Modern
)
LaTeX Font Info:    Try loading font information for U+msa on input line 88.

(/usr/local/texlive/2013/texmf-dist/tex/latex/amsfonts/umsa.fd
File: umsa.fd 2013/01/14 v3.01 AMS symbols A
)
LaTeX Font Info:    Try loading font information for U+msb on input line 88.

(/usr/local/texlive/2013/texmf-dist/tex/latex/amsfonts/umsb.fd
File: umsb.fd 2013/01/14 v3.01 AMS symbols B
)
Underfull \hbox (badness 6575) in paragraph at lines 96--98
[][]\EU1/lmr/m/n/10 -maxx(y/z)angle <max_x(y/z)_rotation_angle>[]:
 []

*************************************************
* xeCJK warning: "CJKfamily-Unknown"
* 
* Unknown CJK family `\CJKsfdefault' is being ignored.
* 
* Try to use `\setCJKsansfont[...]{...}' to define it.
*************************************************

Underfull \hbox (badness 5741) in paragraph at lines 125--129
[]\EU1/lmr/m/n/10 Daimler \EU1/SimSun(0)/m/n/10 公 司 提 供 的 数 据 集 内 的 阳 性 样 本
 []

LaTeX Font Info:    Font shape `EU1/lmtt/bx/n' in size <7> not available
(Font)              Font shape `EU1/lmtt/b/n' tried instead on input line 130.
[1

]
Underfull \hbox (badness 1448) in paragraph at lines 144--149
\EU1/SimSun(0)/m/n/10 练 完 成 后\EU1/lmr/m/n/10 , \EU1/SimSun(0)/m/n/10 级 联 器 会 保 
存 在 \EU1/lmr/m/it/10 *.xml \EU1/SimSun(0)/m/n/10 文 件 中\EU1/lmr/m/n/10 . \EU1/Si
mSun(0)/m/n/10 关 于
 []


Underfull \hbox (badness 3039) in paragraph at lines 167--169
[][]\EU1/lmr/m/n/10 -bt <DAB,RAB,LB,GAB(default)>[]: \EU1/SimSun(0)/m/n/10 级 联 
类 型\EU1/lmr/m/n/10 :
 []


Underfull \hbox (badness 10000) in paragraph at lines 167--169
\EU1/lmr/m/n/10 DAB-\EU1/SimSun(0)/m/n/10 离 散 \EU1/lmr/m/n/10 AdaBoost,RAB-Real
 AdaBoost,LB-
 []


Underfull \hbox (badness 10000) in paragraph at lines 171--173
[][]\EU1/lmr/m/n/10 -maxFalseAlarmRate <max_false_alarm_rate>[]:
 []


Underfull \hbox (badness 7925) in paragraph at lines 171--173
\EU1/SimSun(0)/m/n/10 最 大 误 判 率 要 求\EU1/lmr/m/n/10 , \EU1/SimSun(0)/m/n/10 整 体 
误 判 率 大 概 为
 []


Underfull \hbox (badness 10000) in paragraph at lines 249--250
[]\EU1/lmr/m/n/8 Cascade Classification,[][]$[][][][] [] [] [] [][][][] [] [][]
[][][][] [] [][][] [] [][][][][][][] []
 []


Underfull \hbox (badness 10000) in paragraph at lines 253--254
[]\EU1/lmr/m/n/8 Tutorial:OpenCV haartraining,[][]$[][][][] [] [] [] [][][][] [
] [][][][][][] [] [][][] []
 []

Package atveryend Info: Empty hook `BeforeClearDocument' on input line 260.
[2]
Package atveryend Info: Empty hook `AfterLastShipout' on input line 260.
 (./TechNotes.aux)
Package atveryend Info: Empty hook `AtVeryEndDocument' on input line 260.
Package atveryend Info: Empty hook `AtEndAfterFileList' on input line 260.


LaTeX Font Warning: Some font shapes were not available, defaults substituted.

Package atveryend Info: Empty hook `AtVeryVeryEnd' on input line 260.
 ) 
Here is how much of TeX's memory you used:
 25174 strings out of 493938
 497591 string characters out of 6148857
 558145 words of memory out of 5000000
 28186 multiletter control sequences out of 15000+600000
 30317 words of font info for 131 fonts, out of 8000000 for 9000
 1144 hyphenation exceptions out of 8191
 52i,8n,51p,639b,1731s stack positions out of 5000i,500n,10000p,200000b,80000s

Output written on TechNotes.pdf (2 pages).
